0 1 1
0.10000000000000001 1 1
0.20000000000000001 2 2
0.30000000000000004 3 2
0.40000000000000002 4 1
0.5 4 2.5
0.59999999999999998 2 2.5
0.69999999999999996 2.5 2.5
0.79999999999999993 3.24483 2.5
0.89999999999999991 3.24483 1
0.99999999999999989 3.24483 1
1.0999999999999999 3.24483 2
1.2 1 2.5
1.3 1 2.5
1.4000000000000001 1 2.5
1.5000000000000002 1 2.5
1.6000000000000003 2.5 2.5
1.7000000000000004 2.5 2.9
1.8000000000000005 2.5 2.9
1.9000000000000006 2.5 2.9
2.0000000000000004 2.5 3.24483
2.1000000000000005 2.9 3.24483
2.2000000000000006 3.24483 3.24483
2.3000000000000007 3.24483 3.55301
2.4000000000000008 3.24483 3.83446
2.5000000000000009 3.55301 4.09525
2.600000000000001 3.83446 4.09525
2.7000000000000011 4.09525 4.09525
2.8000000000000012 4.09525 4.33944
2.9000000000000012 4.09525 4.78871
3.0000000000000013 4.09525 4.99753
3.1000000000000014 4.33944 4.99753
3.2000000000000015 4.78871 4.99753
3.3000000000000016 4.99753 4.99753
3.4000000000000017 4.99753 5.19763
3.5000000000000018 4.99753 5.39003
3.6000000000000019 4.99753 5.57555
3.700000000000002 5.19763 5.75491
3.800000000000002 5.39003 5.75491
3.9000000000000021 5.57555 5.75491
4.0000000000000018 5.75491 5.75491
4.1000000000000014 5.75491 6.09735
4.2000000000000011 5.75491 6.26135
4.3000000000000007 5.75491 6.42106
4.4000000000000004 5.92867 6.5768
4.5 6.09735 6.5768
4.5999999999999996 6.26135 6.5768
4.6999999999999993 6.42106 6.5768
4.7999999999999989 6.5768 6.5768
4.8999999999999986 6.5768 6.87746
4.9999999999999982 6.5768 6.87746
5.0999999999999979 6.5768 6.87746
5.1999999999999975 6.72885 3.43873
5.2999999999999972 6.87746 3.43873
5.3999999999999968 6.87746 3.43873
5.4999999999999964 6.87746 3.43873
5.5999999999999961 3.43873 3.43873
5.6999999999999957 3.43873 3.43873
5.7999999999999954 3.43873 3.43873
5.899999999999995 3.43873 3.43873
5.9999999999999947 3.43873 3.72954
6.0999999999999943 3.43873 3.72954
6.199999999999994 3.43873 3.72954
6.2999999999999936 3.43873 3.72954
6.3999999999999932 3.72954 3.72954
6.4999999999999929 3.72954 4.24781
6.5999999999999925 3.72954 4.48323
6.6999999999999922 3.99767 4.48323
6.7999999999999918 4.48323 4.48323
6.8999999999999915 4.48323 4.70628
6.9999999999999911 4.48323 4.91876
7.0999999999999908 4.48323 5.12207
7.1999999999999904 4.70628 5.3173
7.2999999999999901 4.91876 5.3173
7.3999999999999897 5.12207 5.3173
7.4999999999999893 5.3173 5.3173
7.599999999999989 5.3173 5.50537
7.6999999999999886 5.3173 5.86285
7.7999999999999883 5.3173 6.03341
7.8999999999999879 5.3173 6.19915
7.9999999999999876 5.68701 6.19915
8.0999999999999872 5.86285 6.19915
8.1999999999999869 6.03341 6.19915
8.2999999999999865 6.19915 6.19915
8.3999999999999861 6.19915 6.36047
8.4999999999999858 6.19915 6.67112
8.5999999999999854 6.19915 6.82102
8.6999999999999851 6.19915 6.82102
8.7999999999999847 6.51769 6.82102
8.8999999999999844 6.67112 6.82102
8.999999999999984 6.82102 6.82102
9.0999999999999837 6.82102 6.82102
9.1999999999999833 6.82102 6.82102
9.2999999999999829 6.82102 3.41051
9.3999999999999826 6.82102 3.41051
9.4999999999999822 6.82102 3.41051
9.5999999999999819 3.41051 3.41051
9.6999999999999815 3.41051 3.41051
9.7999999999999812 3.41051 3.41051
9.8999999999999808 3.41051 3.41051
9.9999999999999805 3.41051 3.41051
10.09999999999998 3.41051 3.97372
10.19999999999998 3.41051 3.97372
10.299999999999979 3.70372 3.97372
10.399999999999979 3.97372 3.97372
10.499999999999979 3.97372 4.46204
10.599999999999978 3.97372 4.68615
10.699999999999978 4.22537 4.68615
10.799999999999978 4.68615 4.68615
10.899999999999977 4.68615 4.89955
10.999999999999977 4.68615 5.10365
11.099999999999977 4.68615 5.29958
11.199999999999976 4.89955 5.48828
11.299999999999976 5.10365 5.48828
11.399999999999975 5.29958 5.48828
11.499999999999975 5.48828 5.48828
11.599999999999975 5.48828 5.67048
11.699999999999974 5.48828 6.01787
11.799999999999974 5.48828 6.18404
11.899999999999974 5.48828 6.34575
11.999999999999973 5.84684 6.34575
12.099999999999973 6.01787 6.34575
12.199999999999973 6.18404 6.34575
12.299999999999972 6.34575 6.34575
12.399999999999972 6.34575 6.50333
12.499999999999972 6.34575 6.80732
12.599999999999971 6.34575 6.80732
12.699999999999971 6.34575 6.80732
12.799999999999971 6.6571 6.80732
12.89999999999997 6.80732 6.80732
12.99999999999997 6.80732 6.80732
13.099999999999969 6.80732 6.80732
13.199999999999969 6.80732 3.40366
13.299999999999969 6.80732 3.40366
13.399999999999968 6.80732 3.40366
13.499999999999968 6.80732 3.40366
13.599999999999968 3.40366 3.40366
13.699999999999967 3.40366 3.40366
13.799999999999967 3.40366 3.40366
13.899999999999967 3.40366 3.40366
13.999999999999966 3.40366 3.69746
14.099999999999966 3.40366 4.21994
14.199999999999966 3.69746 4.21994
14.299999999999965 3.96792 4.21994
14.399999999999965 4.21994 4.21994
14.499999999999964 4.21994 4.68128
14.599999999999964 4.21994 4.8949
14.699999999999964 4.21994 5.09919
14.799999999999963 4.68128 5.09919
14.899999999999963 4.8949 5.09919
14.999999999999963 5.09919 5.09919
15.099999999999962 5.09919 5.2953
15.199999999999962 5.09919 5.48415
15.299999999999962 5.09919 5.84297
15.399999999999961 5.09919 6.01411
15.499999999999961 5.2953 6.01411
15.599999999999961 5.66649 6.01411
15.69999999999996 5.84297 6.01411
15.79999999999996 6.01411 6.01411
15.899999999999959 6.01411 6.18039
15.999999999999959 6.01411 6.34219
16.099999999999959 6.01411 6.65371
16.19999999999996 6.01411 6.80401
16.299999999999962 6.18039 6.80401
16.399999999999963 6.49986 6.80401
16.499999999999964 6.65371 6.80401
16.599999999999966 6.80401 6.80401
16.699999999999967 6.80401 6.80401
16.799999999999969 6.80401 6.80401
16.89999999999997 6.80401 3.402
16.999999999999972 6.80401 3.402
17.099999999999973 6.80401 3.402
17.199999999999974 3.402 3.402
17.299999999999976 3.402 3.402
17.399999999999977 3.402 3.402
17.499999999999979 3.402 3.402
17.59999999999998 3.402 3.402
17.699999999999982 3.402 3.69595
17.799999999999983 3.402 3.69595
17.899999999999984 3.69595 3.69595
17.999999999999986 3.69595 3.96651
18.099999999999987 3.69595 4.45567
18.199999999999989 3.96651 4.45567
18.29999999999999 4.21862 4.45567
18.399999999999991 4.45567 4.45567
18.499999999999993 4.45567 4.89377
18.599999999999994 4.45567 5.09811
18.699999999999996 4.45567 5.29426
18.799999999999997 4.89377 5.29426
18.899999999999999 5.09811 5.29426
19 5.29426 5.29426
19.100000000000001 5.29426 5.48315
19.200000000000003 5.29426 5.66553
19.300000000000004 5.29426 6.0132
19.400000000000006 5.29426 6.17951
19.500000000000007 5.48315 6.17951
19.600000000000009 5.84203 6.17951
19.70000000000001 6.0132 6.17951
19.800000000000011 6.17951 6.17951
19.900000000000013 6.17951 6.34133
20.000000000000014 6.17951 6.49903
20.100000000000016 6.17951 6.80321
20.200000000000017 6.17951 6.80321
20.300000000000018 6.34133 6.80321
20.40000000000002 6.6529 6.80321
20.500000000000021 6.80321 6.80321
20.600000000000023 6.80321 6.80321
20.700000000000024 6.80321 6.80321
20.800000000000026 6.80321 3.4016
20.900000000000027 6.80321 3.4016
21.000000000000028 6.80321 3.4016
21.10000000000003 6.80321 3.4016
21.200000000000031 3.4016 3.4016
21.300000000000033 3.4016 3.4016
21.400000000000034 3.4016 3.4016
21.500000000000036 3.4016 3.4016
21.600000000000037 3.4016 3.69558
21.700000000000038 3.4016 3.96618
21.80000000000004 3.69558 3.96618
21.900000000000041 3.96618 3.96618
22.000000000000043 3.96618 4.21831
22.100000000000044 3.96618 4.67982
22.200000000000045 4.21831 4.67982
22.300000000000047 4.45537 4.67982
22.400000000000048 4.67982 4.67982
22.50000000000005 4.67982 5.09785
22.600000000000051 4.67982 5.29401
22.700000000000053 4.67982 5.48291
22.800000000000054 5.09785 5.48291
22.900000000000055 5.29401 5.48291
23.000000000000057 5.48291 5.48291
23.100000000000058 5.48291 5.66529
23.20000000000006 5.48291 5.84181
23.300000000000061 5.48291 6.17929
23.400000000000063 5.48291 6.34112
23.500000000000064 5.66529 6.34112
23.600000000000065 6.01299 6.34112
23.700000000000067 6.17929 6.34112
23.800000000000068 6.34112 6.34112
23.90000000000007 6.34112 6.49882
24.000000000000071 6.34112 6.6527
24.100000000000072 6.34112 6.80301
24.200000000000074 6.34112 6.80301
24.300000000000075 6.49882 6.80301
24.400000000000077 6.80301 6.80301
24.500000000000078 6.80301 6.80301
24.60000000000008 6.80301 6.80301
24.700000000000081 6.80301 3.40151
24.800000000000082 6.80301 3.40151
24.900000000000084 6.80301 3.40151
25.000000000000085 6.80301 3.40151
25.100000000000087 3.40151 3.40151
25.200000000000088 3.40151 3.40151
25.30000000000009 3.40151 3.40151
25.400000000000091 3.40151 3.40151
25.500000000000092 3.40151 3.69549
25.600000000000094 3.40151 3.96609
25.700000000000095 3.69549 4.21823
25.800000000000097 3.96609 4.21823
25.900000000000098 4.21823 4.21823
26.000000000000099 4.21823 4.4553
26.100000000000101 4.21823 4.89344
26.200000000000102 4.21823 5.09779
26.300000000000104 4.4553 5.09779
26.400000000000105 4.89344 5.09779
26.500000000000107 5.09779 5.09779
26.600000000000108 5.09779 5.29395
26.700000000000109 5.09779 5.48285
26.800000000000111 5.09779 5.66524
26.900000000000112 5.09779 6.01293
27.000000000000114 5.29395 6.01293
27.100000000000115 5.48285 6.01293
27.200000000000117 5.84175 6.01293
27.300000000000118 6.01293 6.01293
27.400000000000119 6.01293 6.17924
27.500000000000121 6.01293 6.34107
27.600000000000122 6.01293 6.49878
27.700000000000124 6.01293 6.80297
27.800000000000125 6.17924 6.80297
27.900000000000126 6.34107 6.80297
28.000000000000128 6.65265 6.80297
28.100000000000129 6.80297 6.80297
28.200000000000131 6.80297 6.80297
28.300000000000132 6.80297 6.80297
28.400000000000134 6.80297 3.40148
28.500000000000135 6.80297 3.40148
28.600000000000136 6.80297 3.40148
28.700000000000138 6.80297 3.40148
28.800000000000139 3.40148 3.40148
28.900000000000141 3.40148 3.40148
29.000000000000142 3.40148 3.40148
29.100000000000144 3.40148 3.40148
29.200000000000145 3.40148 3.69547
29.300000000000146 3.40148 3.69547
29.400000000000148 3.69547 3.69547
29.500000000000149 3.69547 3.96607
29.600000000000151 3.69547 4.21821
29.700000000000152 3.96607 4.45528
29.800000000000153 4.21821 4.45528
29.900000000000155 4.45528 4.45528
30.000000000000156 4.45528 4.67973
30.100000000000158 4.45528 5.09778
30.200000000000159 4.45528 5.29394
30.300000000000161 4.67973 5.29394
30.400000000000162 5.09778 5.29394
30.500000000000163 5.29394 5.29394
30.600000000000165 5.29394 5.48284
30.700000000000166 5.29394 5.66522
30.800000000000168 5.29394 5.84174
30.900000000000169 5.29394 6.17923
31.000000000000171 5.48284 6.17923
31.100000000000172 5.66522 6.17923
31.200000000000173 6.01292 6.17923
31.300000000000175 6.17923 6.17923
31.400000000000176 6.17923 6.34106
31.500000000000178 6.17923 6.49876
31.600000000000179 6.17923 6.65264
31.70000000000018 6.17923 6.80296
31.800000000000182 6.34106 6.80296
31.900000000000183 6.49876 6.80296
32.000000000000185 6.80296 6.80296
32.100000000000186 6.80296 6.80296
32.200000000000188 6.80296 6.80296
32.300000000000189 6.80296 3.40148
32.40000000000019 6.80296 3.40148
32.500000000000192 6.80296 3.40148
32.600000000000193 6.80296 3.40148
32.700000000000195 3.40148 3.40148
32.800000000000196 3.40148 3.40148
32.900000000000198 3.40148 3.40148
33.000000000000199 3.40148 3.40148
33.1000000000002 3.40148 3.69547
33.200000000000202 3.40148 3.96607
33.300000000000203 3.69547 3.96607
33.400000000000205 3.96607 3.96607
33.500000000000206 3.96607 4.21821
33.600000000000207 3.96607 4.45528
33.700000000000209 4.21821 4.67973
33.80000000000021 4.45528 4.67973
33.900000000000212 4.67973 4.67973
34.000000000000213 4.67973 4.89342
34.100000000000215 4.67973 5.29394
34.200000000000216 4.67973 5.48283
34.300000000000217 4.89342 5.48283
34.400000000000219 5.29394 5.48283
34.50000000000022 5.48283 5.48283
34.600000000000222 5.48283 5.66522
34.700000000000223 5.48283 5.84174
34.800000000000225 5.48283 6.01292
34.900000000000226 5.48283 6.34106
35.000000000000227 5.66522 6.34106
35.100000000000229 5.84174 6.34106
35.20000000000023 6.17923 6.34106
35.300000000000232 6.34106 6.34106
35.400000000000233 6.34106 6.49876
35.500000000000234 6.34106 6.65264
35.600000000000236 6.34106 6.80295
35.700000000000237 6.34106 6.80295
35.800000000000239 6.49876 6.80295
35.90000000000024 6.65264 6.80295
36.000000000000242 6.80295 6.80295
36.100000000000243 6.80295 6.80295
36.200000000000244 6.80295 3.40148
36.300000000000246 6.80295 3.40148
36.400000000000247 6.80295 3.40148
36.500000000000249 6.80295 3.40148
36.60000000000025 3.40148 3.40148
36.700000000000252 3.40148 3.40148
36.800000000000253 3.40148 3.40148
36.900000000000254 3.40148 3.40148
37.000000000000256 3.40148 3.69547
37.100000000000257 3.40148 3.96607
37.200000000000259 3.69547 4.21821
37.30000000000026 3.96607 4.21821
37.400000000000261 4.21821 4.21821
37.500000000000263 4.21821 4.45527
37.600000000000264 4.21821 4.67973
37.700000000000266 4.21821 5.09777
37.800000000000267 4.45527 5.09777
37.900000000000269 4.67973 5.09777
38.00000000000027 5.09777 5.09777
38.100000000000271 5.09777 5.29394
38.200000000000273 5.09777 5.48283
38.300000000000274 5.09777 5.66522
38.400000000000276 5.09777 5.84173
38.500000000000277 5.29394 6.01292
38.600000000000279 5.48283 6.01292
38.70000000000028 5.66522 6.01292
38.800000000000281 6.01292 6.01292
38.900000000000283 6.01292 6.17922
39.000000000000284 6.01292 6.34106
39.100000000000286 6.01292 6.49876
39.200000000000287 6.01292 6.65264
39.300000000000288 6.17922 6.80295
39.40000000000029 6.34106 6.80295
39.500000000000291 6.49876 6.80295
39.600000000000293 6.80295 6.80295
39.700000000000294 6.80295 6.80295
39.800000000000296 6.80295 6.80295
39.900000000000297 6.80295 3.40148
40.000000000000298 6.80295 3.40148
40.1000000000003 6.80295 3.40148
40.200000000000301 6.80295 3.40148
40.300000000000303 3.40148 3.40148
40.400000000000304 3.40148 3.40148
40.500000000000306 3.40148 3.40148
40.600000000000307 3.40148 3.40148
40.700000000000308 3.40148 3.69547
40.80000000000031 3.40148 3.69547
40.900000000000311 3.69547 3.69547
41.000000000000313 3.69547 3.96607
41.100000000000314 3.69547 4.21821
41.200000000000315 3.96607 4.45527
41.300000000000317 4.21821 4.45527
41.400000000000318 4.45527 4.45527
41.50000000000032 4.45527 4.67973
41.600000000000321 4.45527 4.89342
41.700000000000323 4.45527 5.29394
41.800000000000324 4.67973 5.29394
41.900000000000325 4.89342 5.29394
42.000000000000327 5.29394 5.29394
42.100000000000328 5.29394 5.48283
42.20000000000033 5.29394 5.66522
42.300000000000331 5.29394 5.84173
42.400000000000333 5.29394 6.01292
42.500000000000334 5.48283 6.17922
42.600000000000335 5.66522 6.17922
42.700000000000337 5.84173 6.17922
42.800000000000338 6.17922 6.17922
42.90000000000034 6.17922 6.34106
43.000000000000341 6.17922 6.49876
43.100000000000342 6.17922 6.65264
43.200000000000344 6.17922 6.80295
43.300000000000345 6.34106 6.80295
43.400000000000347 6.49876 6.80295
43.500000000000348 6.65264 6.80295
43.60000000000035 6.80295 6.80295
43.700000000000351 6.80295 6.80295
43.800000000000352 6.80295 3.40148
43.900000000000354 6.80295 3.40148
44.000000000000355 6.80295 3.40148
44.100000000000357 6.80295 3.40148
44.200000000000358 3.40148 3.40148
44.30000000000036 3.40148 3.40148
44.400000000000361 3.40148 3.40148
44.500000000000362 3.40148 3.40148
44.600000000000364 3.40148 3.69547
44.700000000000365 3.40148 3.96607
44.800000000000367 3.69547 3.96607
44.900000000000368 3.96607 3.96607
45.000000000000369 3.96607 4.21821
45.100000000000371 3.96607 4.45527
45.200000000000372 4.21821 4.67973
45.300000000000374 4.45527 4.67973
45.400000000000375 4.67973 4.67973
45.500000000000377 4.67973 4.89341
45.600000000000378 4.67973 5.09777
45.700000000000379 4.67973 5.48283
45.800000000000381 4.89341 5.48283
45.900000000000382 5.09777 5.48283
46.000000000000384 5.48283 5.48283
46.100000000000385 5.48283 5.66522
46.200000000000387 5.48283 5.84173
46.300000000000388 5.48283 6.01292
46.400000000000389 5.48283 6.17922
46.500000000000391 5.66522 6.34106
46.600000000000392 5.84173 6.34106
46.700000000000394 6.01292 6.34106
46.800000000000395 6.34106 6.34106
46.900000000000396 6.34106 6.49876
47.000000000000398 6.34106 6.65264
47.100000000000399 6.34106 6.80295
47.200000000000401 6.34106 6.80295
47.300000000000402 6.49876 6.80295
47.400000000000404 6.65264 6.80295
47.500000000000405 6.80295 6.80295
47.600000000000406 6.80295 6.80295
47.700000000000408 6.80295 3.40148
47.800000000000409 6.80295 3.40148
47.900000000000411 6.80295 3.40148
48.000000000000412 6.80295 3.40148
48.100000000000414 3.40148 3.40148
48.200000000000415 3.40148 3.40148
48.300000000000416 3.40148 3.40148
48.400000000000418 3.40148 3.40148
48.500000000000419 3.40148 3.69547
48.600000000000421 3.40148 3.96607
48.700000000000422 3.40148 4.21821
48.800000000000423 3.96607 4.21821
48.900000000000425 4.21821 4.21821
49.000000000000426 4.21821 4.45527
49.100000000000428 4.21821 4.67973
49.200000000000429 4.21821 4.89341
49.300000000000431 4.45527 5.09777
49.400000000000432 4.67973 5.09777
49.500000000000433 4.89341 5.09777
49.600000000000435 5.09777 5.09777
49.700000000000436 5.09777 5.48283
49.800000000000438 5.09777 5.66522
49.900000000000439 5.09777 5.84173
50.000000000000441 5.29394 6.01292
50.100000000000442 5.48283 6.01292
50.200000000000443 5.66522 6.01292
50.300000000000445 5.84173 6.01292
50.400000000000446 6.01292 6.01292
50.500000000000448 6.01292 6.34106
50.600000000000449 6.01292 6.49876
50.70000000000045 6.01292 6.65264
50.800000000000452 6.17922 6.80295
50.900000000000453 6.34106 6.80295
51.000000000000455 6.49876 6.80295
51.100000000000456 6.65264 6.80295
51.200000000000458 6.80295 6.80295
51.300000000000459 6.80295 6.80295
51.40000000000046 6.80295 3.40148
51.500000000000462 6.80295 3.40148
51.600000000000463 6.80295 3.40148
51.700000000000465 6.80295 3.40148
51.800000000000466 3.40148 3.40148
51.900000000000468 3.40148 3.40148
52.000000000000469 3.40148 3.40148
52.10000000000047 3.40148 3.40148
52.200000000000472 3.40148 3.69547
52.300000000000473 3.40148 3.69547
52.400000000000475 3.69547 3.69547
52.500000000000476 3.69547 3.96607
52.600000000000477 3.69547 4.21821
52.700000000000479 3.69547 4.45527
52.80000000000048 4.21821 4.45527
52.900000000000482 4.45527 4.45527
53.000000000000483 4.45527 4.67973
53.100000000000485 4.45527 4.89341
53.200000000000486 4.45527 5.09777
53.300000000000487 4.67973 5.29394
53.400000000000489 4.89341 5.29394
53.50000000000049 5.09777 5.29394
53.600000000000492 5.29394 5.29394
53.700000000000493 5.29394 5.66522
53.800000000000495 5.29394 5.84173
53.900000000000496 5.29394 6.01292
54.000000000000497 5.48283 6.17922
54.100000000000499 5.66522 6.17922
54.2000000000005 5.84173 6.17922
54.300000000000502 6.01292 6.17922
54.400000000000503 6.17922 6.17922
54.500000000000504 6.17922 6.49876
54.600000000000506 6.17922 6.65264
54.700000000000507 6.17922 6.80295
54.800000000000509 6.34106 6.80295
54.90000000000051 6.49876 6.80295
55.000000000000512 6.65264 6.80295
55.100000000000513 6.80295 6.80295
55.200000000000514 6.80295 6.80295
55.300000000000516 6.80295 3.40148
55.400000000000517 6.80295 3.40148
55.500000000000519 6.80295 3.40148
55.60000000000052 6.80295 3.40148
55.700000000000522 3.40148 3.40148
55.800000000000523 3.40148 3.40148
55.900000000000524 3.40148 3.40148
56.000000000000526 3.40148 3.40148
56.100000000000527 3.40148 3.69547
56.200000000000529 3.40148 3.96607
56.30000000000053 3.40148 3.96607
56.400000000000531 3.96607 3.96607
56.500000000000533 3.96607 4.21821
56.600000000000534 3.96607 4.45527
56.700000000000536 3.96607 4.67973
56.800000000000537 4.45527 4.67973
56.900000000000539 4.67973 4.67973
57.00000000000054 4.67973 4.89341
57.100000000000541 4.67973 5.09777
57.200000000000543 4.67973 5.29394
57.300000000000544 4.89341 5.48283
57.400000000000546 5.09777 5.48283
57.500000000000547 5.29394 5.48283
57.600000000000549 5.48283 5.48283
57.70000000000055 5.48283 5.84173
57.800000000000551 5.48283 6.01292
57.900000000000553 5.48283 6.17922
58.000000000000554 5.66522 6.34106
58.100000000000556 5.84173 6.34106
58.200000000000557 6.01292 6.34106
58.300000000000558 6.17922 6.34106
58.40000000000056 6.34106 6.34106
58.500000000000561 6.34106 6.65264
58.600000000000563 6.34106 6.80295
58.700000000000564 6.34106 6.80295
58.800000000000566 6.49876 6.80295
58.900000000000567 6.65264 6.80295
59.000000000000568 6.80295 6.80295
59.10000000000057 6.80295 6.80295
59.200000000000571 6.80295 6.80295
59.300000000000573 6.80295 3.40148
59.400000000000574 6.80295 3.40148
59.500000000000576 6.80295 3.40148
59.600000000000577 3.40148 3.40148
59.700000000000578 3.40148 3.40148
59.80000000000058 3.40148 3.40148
59.900000000000581 3.40148 3.40148
60.000000000000583 3.40148 3.40148
60.100000000000584 3.40148 3.96607
60.200000000000585 3.40148 4.21821
60.300000000000587 3.69547 4.21821
60.400000000000588 4.21821 4.21821
60.50000000000059 4.21821 4.45527
60.600000000000591 4.21821 4.67973
60.700000000000593 4.21821 4.89341
60.800000000000594 4.45527 5.09777
60.900000000000595 4.67973 5.09777
61.000000000000597 4.89341 5.09777
61.100000000000598 5.09777 5.09777
61.2000000000006 5.09777 5.29394
61.300000000000601 5.09777 5.66522
61.400000000000603 5.09777 5.84173
61.500000000000604 5.09777 6.01292
61.600000000000605 5.48283 6.01292
61.700000000000607 5.66522 6.01292
61.800000000000608 5.84173 6.01292
61.90000000000061 6.01292 6.01292
62.000000000000611 6.01292 6.17922
62.100000000000612 6.01292 6.49876
62.200000000000614 6.01292 6.65264
62.300000000000615 6.01292 6.80295
62.400000000000617 6.34106 6.80295
62.500000000000618 6.49876 6.80295
62.60000000000062 6.65264 6.80295
62.700000000000621 6.80295 6.80295
62.800000000000622 6.80295 6.80295
62.900000000000624 6.80295 3.40148
63.000000000000625 6.80295 3.40148
63.100000000000627 6.80295 3.40148
63.200000000000628 6.80295 3.40148
63.30000000000063 3.40148 3.40148
63.400000000000631 3.40148 3.40148
63.500000000000632 3.40148 3.40148
63.600000000000634 3.40148 3.40148
63.700000000000635 3.40148 3.69547
63.800000000000637 3.40148 3.69547
63.900000000000638 3.40148 3.69547
64.000000000000639 3.69547 3.69547
64.100000000000634 3.69547 4.21821
64.200000000000628 3.69547 4.45527
64.300000000000622 3.96607 4.45527
64.400000000000617 4.45527 4.45527
64.500000000000611 4.45527 4.67973
64.600000000000605 4.45527 4.89341
64.7000000000006 4.45527 5.09777
64.800000000000594 4.67973 5.29394
64.900000000000588 4.89341 5.29394
65.000000000000583 5.09777 5.29394
65.100000000000577 5.29394 5.29394
65.200000000000571 5.29394 5.48283
65.300000000000566 5.29394 5.84173
65.40000000000056 5.29394 6.01292
65.500000000000554 5.29394 6.17922
65.600000000000549 5.66522 6.17922
65.700000000000543 5.84173 6.17922
65.800000000000537 6.01292 6.17922
65.900000000000531 6.17922 6.17922
66.000000000000526 6.17922 6.34106
66.10000000000052 6.17922 6.65264
66.200000000000514 6.17922 6.80295
66.300000000000509 6.17922 6.80295
66.400000000000503 6.49876 6.80295
66.500000000000497 6.65264 6.80295
66.600000000000492 6.80295 6.80295
66.700000000000486 6.80295 6.80295
66.80000000000048 6.80295 6.80295
66.900000000000475 6.80295 3.40148
67.000000000000469 6.80295 3.40148
67.100000000000463 6.80295 3.40148
67.200000000000458 3.40148 3.40148
67.300000000000452 3.40148 3.40148
67.400000000000446 3.40148 3.40148
67.500000000000441 3.40148 3.40148
67.600000000000435 3.40148 3.40148
67.700000000000429 3.40148 3.96607
67.800000000000423 3.40148 3.96607
67.900000000000418 3.69547 3.96607
68.000000000000412 3.96607 3.96607
68.100000000000406 3.96607 4.45527
68.200000000000401 3.96607 4.67973
68.300000000000395 4.21821 4.67973
68.400000000000389 4.67973 4.67973
68.500000000000384 4.67973 4.89341
68.600000000000378 4.67973 5.09777
68.700000000000372 4.67973 5.29394
68.800000000000367 4.89341 5.48283
68.900000000000361 5.09777 5.48283
69.000000000000355 5.29394 5.48283
69.10000000000035 5.48283 5.48283
69.200000000000344 5.48283 5.66522
69.300000000000338 5.48283 6.01292
69.400000000000333 5.48283 6.17922
69.500000000000327 5.48283 6.34106
69.600000000000321 5.84173 6.34106
69.700000000000315 6.01292 6.34106
69.80000000000031 6.17922 6.34106
69.900000000000304 6.34106 6.34106
70.000000000000298 6.34106 6.49876
70.100000000000293 6.34106 6.80295
70.200000000000287 6.34106 6.80295
70.300000000000281 6.34106 6.80295
70.400000000000276 6.65264 6.80295
70.50000000000027 6.80295 6.80295
70.600000000000264 6.80295 6.80295
70.700000000000259 6.80295 6.80295
70.800000000000253 6.80295 3.40148
70.900000000000247 6.80295 3.40148
71.000000000000242 6.80295 3.40148
71.100000000000236 6.80295 3.40148
71.20000000000023 3.40148 3.40148
71.300000000000225 3.40148 3.40148
71.400000000000219 3.40148 3.40148
71.500000000000213 3.40148 3.40148
71.600000000000207 3.40148 3.69547
71.700000000000202 3.40148 4.21821
71.800000000000196 3.69547 4.21821
71.90000000000019 3.96607 4.21821
72.000000000000185 4.21821 4.21821
72.100000000000179 4.21821 4.67973
72.200000000000173 4.21821 4.89341
72.300000000000168 4.21821 5.09777
72.400000000000162 4.67973 5.09777
72.500000000000156 4.89341 5.09777
72.600000000000151 5.09777 5.09777
72.700000000000145 5.09777 5.29394
72.800000000000139 5.09777 5.48283
72.900000000000134 5.09777 5.84173
73.000000000000128 5.09777 6.01292
73.100000000000122 5.29394 6.01292
73.200000000000117 5.66522 6.01292
73.300000000000111 5.84173 6.01292
73.400000000000105 6.01292 6.01292
73.500000000000099 6.01292 6.17922
73.600000000000094 6.01292 6.34106
73.700000000000088 6.01292 6.65264
73.800000000000082 6.01292 6.80295
73.900000000000077 6.17922 6.80295
74.000000000000071 6.49876 6.80295
74.100000000000065 6.65264 6.80295
74.20000000000006 6.80295 6.80295
74.300000000000054 6.80295 6.80295
74.400000000000048 6.80295 6.80295
74.500000000000043 6.80295 3.40148
74.600000000000037 6.80295 3.40148
74.700000000000031 6.80295 3.40148
74.800000000000026 3.40148 3.40148
74.90000000000002 3.40148 3.40148
75.000000000000014 3.40148 3.40148
75.100000000000009 3.40148 3.40148
75.200000000000003 3.40148 3.40148
75.299999999999997 3.40148 3.69547
75.399999999999991 3.40148 3.69547
75.499999999999986 3.69547 3.69547
75.59999999999998 3.69547 3.96607
75.699999999999974 3.69547 4.45527
75.799999999999969 3.96607 4.45527
75.899999999999963 4.21821 4.45527
75.999999999999957 4.45527 4.45527
76.099999999999952 4.45527 4.89341
76.199999999999946 4.45527 5.09777
76.29999999999994 4.45527 5.29394
76.399999999999935 4.89341 5.29394
76.499999999999929 5.09777 5.29394
76.599999999999923 5.29394 5.29394
76.699999999999918 5.29394 5.48283
76.799999999999912 5.29394 5.66522
76.899999999999906 5.29394 6.01292
76.999999999999901 5.29394 6.17922
77.099999999999895 5.48283 6.17922
77.199999999999889 5.84173 6.17922
77.299999999999883 6.01292 6.17922
77.399999999999878 6.17922 6.17922
77.499999999999872 6.17922 6.34106
77.599999999999866 6.17922 6.49876
77.699999999999861 6.17922 6.80295
77.799999999999855 6.17922 6.80295
77.899999999999849 6.34106 6.80295
77.999999999999844 6.65264 6.80295
78.099999999999838 6.80295 6.80295
78.199999999999832 6.80295 6.80295
78.299999999999827 6.80295 6.80295
78.399999999999821 6.80295 3.40148
78.499999999999815 6.80295 3.40148
78.59999999999981 6.80295 3.40148
78.699999999999804 6.80295 3.40148
78.799999999999798 3.40148 3.40148
78.899999999999793 3.40148 3.40148
78.999999999999787 3.40148 3.40148
79.099999999999781 3.40148 3.40148
79.199999999999775 3.40148 3.69547
79.29999999999977 3.40148 3.96607
79.399999999999764 3.69547 3.96607
79.499999999999758 3.96607 3.96607
79.599999999999753 3.96607 4.21821
79.699999999999747 3.96607 4.67973
79.799999999999741 4.21821 4.67973
79.899999999999736 4.45527 4.67973
79.99999999999973 4.67973 4.67973
80.099999999999724 4.67973 5.09777
80.199999999999719 4.67973 5.29394
80.299999999999713 4.67973 5.48283
80.399999999999707 5.09777 5.48283
80.499999999999702 5.29394 5.48283
80.599999999999696 5.48283 5.48283
80.69999999999969 5.48283 5.66522
80.799999999999685 5.48283 5.84173
80.899999999999679 5.48283 6.17922
80.999999999999673 5.48283 6.34106
81.099999999999667 5.66522 6.34106
81.199999999999662 6.01292 6.34106
81.299999999999656 6.17922 6.34106
81.39999999999965 6.34106 6.34106
81.499999999999645 6.34106 6.49876
81.599999999999639 6.34106 6.65264
81.699999999999633 6.34106 6.80295
81.799999999999628 6.34106 6.80295
81.899999999999622 6.49876 6.80295
81.999999999999616 6.80295 6.80295
82.099999999999611 6.80295 6.80295
82.199999999999605 6.80295 6.80295
82.299999999999599 6.80295 3.40148
82.399999999999594 6.80295 3.40148
82.499999999999588 6.80295 3.40148
82.599999999999582 6.80295 3.40148
82.699999999999577 3.40148 3.40148
82.799999999999571 3.40148 3.40148
82.899999999999565 3.40148 3.40148
82.999999999999559 3.40148 3.40148
83.099999999999554 3.40148 3.69547
83.199999999999548 3.40148 3.96607
83.299999999999542 3.69547 4.21821
83.399999999999537 3.96607 4.21821
83.499999999999531 4.21821 4.21821
83.599999999999525 4.21821 4.45527
83.69999999999952 4.21821 4.89341
83.799999999999514 4.21821 5.09777
83.899999999999508 4.45527 5.09777
83.999999999999503 4.89341 5.09777
84.099999999999497 5.09777 5.09777
84.199999999999491 5.09777 5.29394
84.299999999999486 5.09777 5.48283
84.39999999999948 5.09777 5.66522
84.499999999999474 5.09777 6.01292
84.599999999999469 5.29394 6.01292
84.699999999999463 5.48283 6.01292
84.799999999999457 5.84173 6.01292
84.899999999999451 6.01292 6.01292
84.999999999999446 6.01292 6.17922
85.09999999999944 6.01292 6.34106
85.199999999999434 6.01292 6.49876
85.299999999999429 6.01292 6.80295
85.399999999999423 6.17922 6.80295
85.499999999999417 6.34106 6.80295
85.599999999999412 6.65264 6.80295
85.699999999999406 6.80295 6.80295
85.7999999999994 6.80295 6.80295
85.899999999999395 6.80295 6.80295
85.999999999999389 6.80295 3.40148
86.099999999999383 6.80295 3.40148
86.199999999999378 6.80295 3.40148
86.299999999999372 6.80295 3.40148
86.399999999999366 3.40148 3.40148
86.499999999999361 3.40148 3.40148
86.599999999999355 3.40148 3.40148
86.699999999999349 3.40148 3.40148
86.799999999999343 3.40148 3.69547
86.899999999999338 3.40148 3.69547
86.999999999999332 3.69547 3.69547
87.099999999999326 3.69547 3.96607
87.199999999999321 3.69547 4.21821
87.299999999999315 3.96607 4.45527
87.399999999999309 4.21821 4.45527
87.499999999999304 4.45527 4.45527
87.599999999999298 4.45527 4.67973
87.699999999999292 4.45527 5.09777
87.799999999999287 4.45527 5.29394
87.899999999999281 4.67973 5.29394
87.999999999999275 5.09777 5.29394
88.09999999999927 5.29394 5.29394
88.199999999999264 5.29394 5.48283
88.299999999999258 5.29394 5.66522
88.399999999999253 5.29394 5.84173
88.499999999999247 5.29394 6.17922
88.599999999999241 5.48283 6.17922
88.699999999999235 5.66522 6.17922
88.79999999999923 6.01292 6.17922
88.899999999999224 6.17922 6.17922
88.999999999999218 6.17922 6.34106
89.099999999999213 6.17922 6.49876
89.199999999999207 6.17922 6.65264
89.299999999999201 6.17922 6.80295
89.399999999999196 6.34106 6.80295
89.49999999999919 6.49876 6.80295
89.599999999999184 6.80295 6.80295
89.699999999999179 6.80295 6.80295
89.799999999999173 6.80295 6.80295
89.899999999999167 6.80295 3.40148
89.999999999999162 6.80295 3.40148
90.099999999999156 6.80295 3.40148
90.19999999999915 6.80295 3.40148
90.299999999999145 3.40148 3.40148
90.399999999999139 3.40148 3.40148
90.499999999999133 3.40148 3.40148
90.599999999999127 3.40148 3.40148
90.699999999999122 3.40148 3.69547
90.799999999999116 3.40148 3.96607
90.89999999999911 3.69547 3.96607
90.999999999999105 3.96607 3.96607
91.099999999999099 3.96607 4.21821
91.199999999999093 3.96607 4.45527
91.299999999999088 4.21821 4.67973
91.399999999999082 4.45527 4.67973
91.499999999999076 4.67973 4.67973
91.599999999999071 4.67973 4.89341
91.699999999999065 4.67973 5.29394
91.799999999999059 4.67973 5.48283
91.899999999999054 4.89341 5.48283
91.999999999999048 5.29394 5.48283
92.099999999999042 5.48283 5.48283
92.199999999999037 5.48283 5.66522
92.299999999999031 5.48283 5.84173
92.399999999999025 5.48283 6.01292
92.499999999999019 5.48283 6.34106
92.599999999999014 5.66522 6.34106
92.699999999999008 5.84173 6.34106
92.799999999999002 6.17922 6.34106
92.899999999998997 6.34106 6.34106
92.999999999998991 6.34106 6.49876
93.099999999998985 6.34106 6.65264
93.19999999999898 6.34106 6.80295
93.299999999998974 6.34106 6.80295
93.399999999998968 6.49876 6.80295
93.499999999998963 6.65264 6.80295
93.599999999998957 6.80295 6.80295
93.699999999998951 6.80295 6.80295
93.799999999998946 6.80295 3.40148
93.89999999999894 6.80295 3.40148
93.999999999998934 6.80295 3.40148
94.099999999998929 6.80295 3.40148
94.199999999998923 3.40148 3.40148
94.299999999998917 3.40148 3.40148
94.399999999998911 3.40148 3.40148
94.499999999998906 3.40148 3.40148
94.5999999999989 3.40148 3.69547
94.699999999998894 3.40148 3.96607
94.799999999998889 3.69547 4.21821
94.899999999998883 3.96607 4.21821
94.999999999998877 4.21821 4.21821
95.099999999998872 4.21821 4.45527
95.199999999998866 4.21821 4.67973
95.29999999999886 4.21821 5.09777
95.399999999998855 4.45527 5.09777
95.499999999998849 4.67973 5.09777
95.599999999998843 5.09777 5.09777
95.699999999998838 5.09777 5.29394
95.799999999998832 5.09777 5.48283
95.899999999998826 5.09777 5.66522
95.99999999999882 5.09777 5.84173
96.099999999998815 5.29394 6.01292
96.199999999998809 5.48283 6.01292
96.299999999998803 5.66522 6.01292
96.399999999998798 6.01292 6.01292
96.499999999998792 6.01292 6.17922
96.599999999998786 6.01292 6.34106
96.699999999998781 6.01292 6.49876
96.799999999998775 6.01292 6.65264
96.899999999998769 6.17922 6.80295
96.999999999998764 6.34106 6.80295
97.099999999998758 6.49876 6.80295
97.199999999998752 6.80295 6.80295
97.299999999998747 6.80295 6.80295
97.399999999998741 6.80295 6.80295
97.499999999998735 6.80295 3.40148
97.59999999999873 6.80295 3.40148
97.699999999998724 6.80295 3.40148
97.799999999998718 6.80295 3.40148
97.899999999998712 3.40148 3.40148
97.999999999998707 3.40148 3.40148
98.099999999998701 3.40148 3.40148
98.199999999998695 3.40148 3.40148
98.29999999999869 3.40148 3.69547
98.399999999998684 3.40148 3.69547
98.499999999998678 3.69547 3.69547
98.599999999998673 3.69547 3.96607
98.699999999998667 3.69547 4.21821
98.799999999998661 3.96607 4.45527
98.899999999998656 4.21821 4.45527
98.99999999999865 4.45527 4.45527
99.099999999998644 4.45527 4.67973
99.199999999998639 4.45527 4.89341
99.299999999998633 4.45527 5.29394
99.399999999998627 4.67973 5.29394
99.499999999998622 4.89341 5.29394
99.599999999998616 5.29394 5.29394
99.69999999999861 5.29394 5.48283
99.799999999998604 5.29394 5.66522
99.899999999998599 5.29394 5.84173
99.999999999998593 5.29394 6.01292
100.09999999999859 5.48283 6.17922
100.19999999999858 5.66522 6.17922
100.29999999999858 5.84173 6.17922
100.39999999999857 6.17922 6.17922
100.49999999999856 6.17922 6.34106
100.59999999999856 6.17922 6.49876
100.69999999999855 6.17922 6.65264
100.79999999999855 6.17922 6.80295
100.89999999999854 6.34106 6.80295
100.99999999999854 6.49876 6.80295
